#
# A fatal error has been detected by the Java Runtime Environment:
#
#  SIGSEGV (0xb) at pc=0x00007fff871dc097, pid=17568, tid=1287
#
# JRE version: Java(TM) SE Runtime Environment (7.0_51-b13) (build 1.7.0_51-b13)
# Java VM: Java HotSpot(TM) 64-Bit Server VM (24.51-b03 mixed mode bsd-amd64 compressed oops)
# Problematic frame:
# C  [libobjc.A.dylib+0x5097]  objc_msgSend+0x17
#
# Failed to write core dump. Core dumps have been disabled. To enable core dumping, try "ulimit -c unlimited" before starting Java again
#
# If you would like to submit a bug report, please visit:
#   http://bugreport.sun.com/bugreport/crash.jsp
# The crash happened outside the Java Virtual Machine in native code.
# See problematic frame for where to report the bug.
#

---------------  T H R E A D  ---------------

Current thread (0x00007fd2a48b8800):  JavaThread "AppKit Thread" daemon [_thread_in_native, id=1287, stack(0x00007fff523b3000,0x00007fff52433000)]

siginfo:si_signo=SIGSEGV: si_errno=0, si_code=0 (SEGV0), si_addr=0x0000000000000000

Registers:
RAX=0x00007fd2a1e0b440, RBX=0x00000000000f42f2, RCX=0x0000000000000000, RDX=0x00007fd2a38145a0
RSP=0x00007fff5242dad8, RBP=0x00007fff5242dae0, RSI=0x00007fff8d09db9f, RDI=0x00007fd2a1e0b440
R8 =0x0000000000000040, R9 =0x00007fff5242da00, R10=0x00007fff8d09db9f, R11=0x3000000000000000
R12=0x00000000000f42f2, R13=0x00007fff5242dca8, R14=0x00007fd2a381c200, R15=0x00007fff5242dc08
RIP=0x00007fff871dc097, EFLAGS=0x0000000000010246, ERR=0x0000000000000000
  TRAPNO=0x000000000000000d

Top of Stack: (sp=0x00007fff5242dad8)
0x00007fff5242dad8:   00007fff8ff80e0c 00007fff5242de40
0x00007fff5242dae8:   00007fff8fe748dd 0000000000000003
0x00007fff5242daf8:   000000010d7e9a00 00007fff5242db40
0x00007fff5242db08:   00007fff85f09272 0000000000000798
0x00007fff5242db18:   00000000000f42f4 0000000000000002
0x00007fff5242db28:   00007fd2a1d3fc40 00007fd2a1d3f580
0x00007fff5242db38:   00007fd2a3902550 00007fd2a38145a0
0x00007fff5242db48:   00007fff5242dc00 0000000000000000
0x00007fff5242db58:   00000000000f42f2 0000000000000051
0x00007fff5242db68:   00007fff5242dc80 0000000000000000
0x00007fff5242db78:   0000000000000001 00007fd2a3902540
0x00007fff5242db88:   000000000000004f 000000000017e20d
0x00007fff5242db98:   0000010000000000 00007fff75b03a60
0x00007fff5242dba8:   0000206000dbf6ea 00007fff5242dd00
0x00007fff5242dbb8:   0000000000000000 00007fff5242dc98
0x00007fff5242dbc8:   00007fff5242dc78 00007fff75b03a48
0x00007fff5242dbd8:   0000000000000000 0000000000000004
0x00007fff5242dbe8:   00007fff84dbf6ea 00007fff7689dd38
0x00007fff5242dbf8:   0000000000000000 00007fd2a1d3fcc0
0x00007fff5242dc08:   00007fd2a381c200 00007fff8e94db08
0x00007fff5242dc18:   0000000000000000 00007fff5242dce0
0x00007fff5242dc28:   00007fff8acd9dde 00007fff76c550d0
0x00007fff5242dc38:   0000000042000000 00007fff8ace21d1
0x00007fff5242dc48:   00007fff75adfb40 00007fff5242dd48
0x00007fff5242dc58:   00007fff5242dc78 00007fff5242dc98
0x00007fff5242dc68:   0000000000000000 000000010d7e6001
0x00007fff5242dc78:   0000000000000000 000000000000004d
0x00007fff5242dc88:   0000000000000000 00000000000f42e2
0x00007fff5242dc98:   000000000000004f 0000000000000000
0x00007fff5242dca8:   00000000000f42f2 000000015242dd50
0x00007fff5242dcb8:   00007fff84dc0261 00007fff751fb748
0x00007fff5242dcc8:   00007fff751fb74c 00000000751f71b8 

Instructions: (pc=0x00007fff871dc097)
0x00007fff871dc077:   90 90 90 90 90 90 90 90 90 48 85 ff 2e 74 72 40
0x00007fff871dc087:   f6 c7 01 2e 0f 85 7e 00 00 00 4c 8b 1f 49 89 f2
0x00007fff871dc097:   45 23 53 18 49 c1 e2 04 4d 03 53 10 49 3b 32 75
0x00007fff871dc0a7:   04 41 ff 62 08 49 83 3a 00 74 74 4d 3b 53 10 74 

Register to memory mapping:

RAX=0x00007fd2a1e0b440 is an unknown value
RBX=0x00000000000f42f2 is an unknown value
RCX=0x0000000000000000 is an unknown value
RDX=0x00007fd2a38145a0 is an unknown value
RSP=0x00007fff5242dad8 is pointing into the stack for thread: 0x00007fd2a48b8800
RBP=0x00007fff5242dae0 is pointing into the stack for thread: 0x00007fd2a48b8800
RSI=0x00007fff8d09db9f: NSAppKitVersionNumber+0x5358f in /System/Library/Frameworks/AppKit.framework/Versions/C/AppKit at 0x00007fff8c5fa000
RDI=0x00007fd2a1e0b440 is an unknown value
R8 =0x0000000000000040 is an unknown value
R9 =0x00007fff5242da00 is pointing into the stack for thread: 0x00007fd2a48b8800
R10=0x00007fff8d09db9f: NSAppKitVersionNumber+0x5358f in /System/Library/Frameworks/AppKit.framework/Versions/C/AppKit at 0x00007fff8c5fa000
R11=0x3000000000000000 is an unknown value
R12=0x00000000000f42f2 is an unknown value
R13=0x00007fff5242dca8 is pointing into the stack for thread: 0x00007fd2a48b8800
R14=0x00007fd2a381c200 is an unknown value
R15=0x00007fff5242dc08 is pointing into the stack for thread: 0x00007fd2a48b8800


Stack: [0x00007fff523b3000,0x00007fff52433000],  sp=0x00007fff5242dad8,  free space=490k
Native frames: (J=compiled Java code, j=interpreted, Vv=VM code, C=native code)
C  [libobjc.A.dylib+0x5097]  objc_msgSend+0x17
C  [CoreFoundation+0x108dd]  _CFXNotificationPost+0xb4d
C  [Foundation+0x27ba]  -[NSNotificationCenter postNotificationName:object:userInfo:]+0x44
C  [AppKit+0x10f5c9]  -[NSSurface _disposeSurface]+0x98
C  [AppKit+0x10f065]  -[NSSurface setWindow:]+0x46
C  [AppKit+0x3af47]  -[NSView _setWindow:]+0x8ea
C  [AppKit+0x3bf9a]  -[NSView removeFromSuperview]+0x15e
C  [AppKit+0x98709]  -[NSView removeFromSuperviewWithoutNeedingDisplay]+0x26
C  [liblwjgl.dylib+0x9c3e]  +[MacOSXKeyableWindow destroyWindow]+0xde
C  [Foundation+0x6313e]  __NSThreadPerformPerform+0xe5
C  [CoreFoundation+0x7f661]  __CFRUNLOOP_IS_CALLING_OUT_TO_A_SOURCE0_PERFORM_FUNCTION__+0x11
C  [CoreFoundation+0x70d12]  __CFRunLoopDoSources0+0xf2
C  [CoreFoundation+0x7049f]  __CFRunLoopRun+0x33f
C  [CoreFoundation+0x6ff25]  CFRunLoopRunSpecific+0x135
C  [HIToolbox+0x2ea0d]  RunCurrentEventLoopInMode+0xe2
C  [HIToolbox+0x2e7b7]  ReceiveNextEventCommon+0x1df
C  [HIToolbox+0x2e5bc]  _BlockUntilNextEventMatchingListInModeWithFilter+0x41
C  [AppKit+0x2426e]  _DPSNextEvent+0x59a
C  [AppKit+0x238bb]  -[NSApplication nextEventMatchingMask:untilDate:inMode:dequeue:]+0x7a
C  [libosxapp.dylib+0x16f4]  -[NSApplicationAWT nextEventMatchingMask:untilDate:inMode:dequeue:]+0x7c
C  [AppKit+0x179bc]  -[NSApplication run]+0x229
C  [libosxapp.dylib+0x1557]  +[NSApplicationAWT runAWTLoopWithApp:]+0x9c
C  [liblwawt.dylib+0xdba9]  -[AWTStarter starter:]+0x369
C  [Foundation+0x6313e]  __NSThreadPerformPerform+0xe5
C  [CoreFoundation+0x7f661]  __CFRUNLOOP_IS_CALLING_OUT_TO_A_SOURCE0_PERFORM_FUNCTION__+0x11
C  [CoreFoundation+0x70d12]  __CFRunLoopDoSources0+0xf2
C  [CoreFoundation+0x7049f]  __CFRunLoopRun+0x33f
C  [CoreFoundation+0x6ff25]  CFRunLoopRunSpecific+0x135
C  [java+0x73b0]  CreateExecutionEnvironment+0x367
C  [java+0x1b5c]  JLI_Launch+0x7a0
C  [java+0x770d]  main+0x65
C  [java+0x13b4]  start+0x34


---------------  P R O C E S S  ---------------

Java Threads: ( => current thread )
  0x00007fd2a4960800 JavaThread "DestroyJavaVM" [_thread_blocked, id=6403, stack(0x000000010d8e2000,0x000000010d9e2000)]
  0x00007fd2a48dd000 JavaThread "LWJGL Application" [_thread_in_native, id=63747, stack(0x0000000123ad9000,0x0000000123bd9000)]
  0x00007fd2a282b000 JavaThread "AWT-Shutdown" [_thread_blocked, id=29963, stack(0x000000012095b000,0x0000000120a5b000)]
=>0x00007fd2a48b8800 JavaThread "AppKit Thread" daemon [_thread_in_native, id=1287, stack(0x00007fff523b3000,0x00007fff52433000)]
  0x00007fd2a483e800 JavaThread "Service Thread" daemon [_thread_blocked, id=21251, stack(0x000000011ecad000,0x000000011edad000)]
  0x00007fd2a483d800 JavaThread "C2 CompilerThread1" daemon [_thread_blocked, id=20739, stack(0x000000011ebaa000,0x000000011ecaa000)]
  0x00007fd2a4835000 JavaThread "C2 CompilerThread0" daemon [_thread_blocked, id=20227, stack(0x000000011eaa7000,0x000000011eba7000)]
  0x00007fd2a2806000 JavaThread "Signal Dispatcher" daemon [_thread_blocked, id=19715, stack(0x000000011e9a4000,0x000000011eaa4000)]
  0x00007fd2a2006000 JavaThread "Finalizer" daemon [_thread_blocked, id=14595, stack(0x000000011e755000,0x000000011e855000)]
  0x00007fd2a4008800 JavaThread "Reference Handler" daemon [_thread_blocked, id=14083, stack(0x000000011e652000,0x000000011e752000)]

Other Threads:
  0x00007fd2a3050000 VMThread [stack: 0x000000011e54f000,0x000000011e64f000] [id=13571]
  0x00007fd2a400a000 WatcherThread [stack: 0x000000011edb0000,0x000000011eeb0000] [id=21763]

VM state:not at safepoint (normal execution)

VM Mutex/Monitor currently owned by a thread: None

Heap
 PSYoungGen      total 76800K, used 27388K [0x00000007aaa80000, 0x00000007b0000000, 0x0000000800000000)
  eden space 66048K, 41% used [0x00000007aaa80000,0x00000007ac53f160,0x00000007aeb00000)
  from space 10752K, 0% used [0x00000007af580000,0x00000007af580000,0x00000007b0000000)
  to   space 10752K, 0% used [0x00000007aeb00000,0x00000007aeb00000,0x00000007af580000)
 ParOldGen       total 174592K, used 0K [0x0000000700000000, 0x000000070aa80000, 0x00000007aaa80000)
  object space 174592K, 0% used [0x0000000700000000,0x0000000700000000,0x000000070aa80000)
 PSPermGen       total 21504K, used 6765K [0x00000006fae00000, 0x00000006fc300000, 0x0000000700000000)
  object space 21504K, 31% used [0x00000006fae00000,0x00000006fb49b6b8,0x00000006fc300000)

Card table byte_map: [0x000000011254c000,0x0000000112d76000] byte_map_base: 0x000000010ed75000

Polling page: 0x000000010d9f1000

Code Cache  [0x000000010f48c000, 0x000000010f6fc000, 0x000000011248c000)
 total_blobs=475 nmethods=124 adapters=305 free_code_cache=48306Kb largest_free_block=49416256

Compilation events (10 events):
Event: 3.858 Thread 0x00007fd2a483d800  120             com.badlogic.gdx.graphics.g2d.Animation::getKeyFrame (125 bytes)
Event: 3.858 Thread 0x00007fd2a4835000  121             com.badlogic.gdx.graphics.g2d.Animation::getKeyFrame (13 bytes)
Event: 3.860 Thread 0x00007fd2a4835000 nmethod 121 0x000000010f53c950 code [0x000000010f53cac0, 0x000000010f53cd28]
Event: 3.860 Thread 0x00007fd2a4835000  122             com.badlogic.gdx.graphics.g2d.Animation::getKeyFrameIndex (185 bytes)
Event: 3.860 Thread 0x00007fd2a483d800 nmethod 120 0x000000010f53c090 code [0x000000010f53c220, 0x000000010f53c608]
Event: 3.861 Thread 0x00007fd2a4835000 nmethod 122 0x000000010f53bb50 code [0x000000010f53bcc0, 0x000000010f53bf08]
Event: 4.021 Thread 0x00007fd2a483d800  123             com.nuliy.example.GameScreen::render (1529 bytes)
Event: 4.088 Thread 0x00007fd2a483d800 nmethod 123 0x000000010f562250 code [0x000000010f562bc0, 0x000000010f567ad8]
Event: 4.644 Thread 0x00007fd2a4835000  124             java.nio.Buffer::checkIndex (22 bytes)
Event: 4.644 Thread 0x00007fd2a4835000 nmethod 124 0x000000010f53b910 code [0x000000010f53ba40, 0x000000010f53bab8]

GC Heap History (0 events):
No events

Deoptimization events (4 events):
Event: 1.879 Thread 0x00007fd2a48dd000 Uncommon trap: reason=unreached action=reinterpret pc=0x000000010f520efc method=com.badlogic.gdx.maps.tiled.TmxMapLoader.loadTileLayer(Lcom/badlogic/gdx/maps/tiled/TiledMap;Lcom/badlogic/gdx/utils/XmlReader$Element;)V @ 234
Event: 1.882 Thread 0x00007fd2a48dd000 Uncommon trap: reason=unreached action=reinterpret pc=0x000000010f512e94 method=com.badlogic.gdx.utils.Array.iterator()Ljava/util/Iterator; @ 4
Event: 1.882 Thread 0x00007fd2a48dd000 Uncommon trap: reason=unreached action=reinterpret pc=0x000000010f512b90 method=com.badlogic.gdx.utils.Array$ArrayIterable.iterator()Ljava/util/Iterator; @ 4
Event: 3.856 Thread 0x00007fd2a48dd000 Uncommon trap: reason=unloaded action=reinterpret pc=0x000000010f52ef88 method=com.nuliy.example.GameScreen.render(F)V @ 181

Internal exceptions (10 events):
Event: 1.900 Thread 0x00007fd2a48dd000 Threw 0x00000007abfc75f8 at /HUDSON/workspace/7u-2-build-macosx-x86_64/jdk7u51/527/hotspot/src/share/vm/prims/jvm.cpp:1244
Event: 1.952 Thread 0x00007fd2a48dd000 Threw 0x00000007ac0c0f38 at /HUDSON/workspace/7u-2-build-macosx-x86_64/jdk7u51/527/hotspot/src/share/vm/prims/jvm.cpp:1244
Event: 1.953 Thread 0x00007fd2a48dd000 Threw 0x00000007ac0cac58 at /HUDSON/workspace/7u-2-build-macosx-x86_64/jdk7u51/527/hotspot/src/share/vm/prims/jvm.cpp:1244
Event: 1.985 Thread 0x00007fd2a48dd000 Threw 0x00000007ac0e0e28 at /HUDSON/workspace/7u-2-build-macosx-x86_64/jdk7u51/527/hotspot/src/share/vm/prims/jvm.cpp:1244
Event: 1.985 Thread 0x00007fd2a48dd000 Threw 0x00000007ac0e7028 at /HUDSON/workspace/7u-2-build-macosx-x86_64/jdk7u51/527/hotspot/src/share/vm/prims/jvm.cpp:1244
Event: 1.989 Thread 0x00007fd2a48dd000 Threw 0x00000007ac0ec848 at /HUDSON/workspace/7u-2-build-macosx-x86_64/jdk7u51/527/hotspot/src/share/vm/prims/jvm.cpp:1244
Event: 1.989 Thread 0x00007fd2a48dd000 Threw 0x00000007ac0f1f68 at /HUDSON/workspace/7u-2-build-macosx-x86_64/jdk7u51/527/hotspot/src/share/vm/prims/jvm.cpp:1244
Event: 3.071 Thread 0x00007fd2a48dd000 Threw 0x00000007ac1cac30 at /HUDSON/workspace/7u-2-build-macosx-x86_64/jdk7u51/527/hotspot/src/share/vm/prims/jvm.cpp:1244
Event: 6.755 Thread 0x00007fd2a48dd000 Threw 0x00000007ac4c0e10 at /HUDSON/workspace/7u-2-build-macosx-x86_64/jdk7u51/527/hotspot/src/share/vm/prims/jvm.cpp:1244
Event: 6.788 Thread 0x00007fd2a48dd000 Threw 0x00000007ac4c5c40 at /HUDSON/workspace/7u-2-build-macosx-x86_64/jdk7u51/527/hotspot/src/share/vm/prims/jvm.cpp:1244

Events (10 events):
Event: 3.071 loading class 0x00007fd2a38276c0 done
Event: 3.856 Thread 0x00007fd2a48dd000 Uncommon trap: trap_request=0x00000113 fr.pc=0x000000010f52ef88
Event: 3.856 Thread 0x00007fd2a48dd000 DEOPT PACKING pc=0x000000010f52ef88 sp=0x0000000123bd8860
Event: 3.856 Thread 0x00007fd2a48dd000 DEOPT UNPACKING pc=0x000000010f4c5045 sp=0x0000000123bd8830 mode 2
Event: 4.064 Executing VM operation: EnableBiasedLocking
Event: 4.064 Executing VM operation: EnableBiasedLocking done
Event: 6.755 loading class 0x00007fd2a1f235c0
Event: 6.755 loading class 0x00007fd2a1f235c0 done
Event: 6.788 loading class 0x00007fd2a1e0a510
Event: 6.788 loading class 0x00007fd2a1e0a510 done


Dynamic libraries:
0x0000000004d47000 	/System/Library/Frameworks/Cocoa.framework/Versions/A/Cocoa
0x0000000004d47000 	/System/Library/Frameworks/Security.framework/Versions/A/Security
0x0000000004d47000 	/System/Library/Frameworks/ApplicationServices.framework/Versions/A/ApplicationServices
0x0000000004d47000 	/usr/lib/libz.1.dylib
0x0000000004d47000 	/usr/lib/libSystem.B.dylib
0x0000000004d47000 	/usr/lib/libobjc.A.dylib
0x0000000004d47000 	/System/Library/Frameworks/CoreFoundation.framework/Versions/A/CoreFoundation
0x0000000004d47000 	/System/Library/Frameworks/Foundation.framework/Versions/C/Foundation
0x0000000004d47000 	/System/Library/Frameworks/AppKit.framework/Versions/C/AppKit
0x0000000004d47000 	/System/Library/Frameworks/CoreData.framework/Versions/A/CoreData
0x0000000004d47000 	/System/Library/PrivateFrameworks/RemoteViewServices.framework/Versions/A/RemoteViewServices
0x0000000004d47000 	/System/Library/Frameworks/AudioToolbox.framework/Versions/A/AudioToolbox
0x0000000004d47000 	/System/Library/Frameworks/AudioUnit.framework/Versions/A/AudioUnit
0x0000000004d47000 	/System/Library/PrivateFrameworks/DataDetectorsCore.framework/Versions/A/DataDetectorsCore
0x0000000004d47000 	/System/Library/PrivateFrameworks/DesktopServicesPriv.framework/Versions/A/DesktopServicesPriv
0x0000000004d47000 	/System/Library/Frameworks/Carbon.framework/Versions/A/Frameworks/HIToolbox.framework/Versions/A/HIToolbox
0x0000000004d47000 	/System/Library/Frameworks/QuartzCore.framework/Versions/A/QuartzCore
0x0000000004d47000 	/System/Library/Frameworks/Carbon.framework/Versions/A/Frameworks/SpeechRecognition.framework/Versions/A/SpeechRecognition
0x0000000004d47000 	/usr/lib/libauto.dylib
0x0000000004d47000 	/usr/lib/libicucore.A.dylib
0x0000000004d47000 	/usr/lib/libxml2.2.dylib
0x0000000004d47000 	/System/Library/PrivateFrameworks/CoreUI.framework/Versions/A/CoreUI
0x0000000004d47000 	/System/Library/Frameworks/CoreAudio.framework/Versions/A/CoreAudio
0x0000000004d47000 	/System/Library/Frameworks/DiskArbitration.framework/Versions/A/DiskArbitration
0x0000000004d47000 	/usr/lib/liblangid.dylib
0x0000000004d47000 	/System/Library/PrivateFrameworks/MultitouchSupport.framework/Versions/A/MultitouchSupport
0x0000000004d47000 	/System/Library/Frameworks/IOKit.framework/Versions/A/IOKit
0x0000000004d47000 	/usr/lib/libDiagnosticMessagesClient.dylib
0x0000000004d47000 	/System/Library/Frameworks/CoreServices.framework/Versions/A/CoreServices
0x0000000004d47000 	/System/Library/PrivateFrameworks/PerformanceAnalysis.framework/Versions/A/PerformanceAnalysis
0x0000000004d47000 	/System/Library/PrivateFrameworks/GenerationalStorage.framework/Versions/A/GenerationalStorage
0x0000000004d47000 	/System/Library/Frameworks/OpenGL.framework/Versions/A/OpenGL
0x0000000004d47000 	/System/Library/PrivateFrameworks/Sharing.framework/Versions/A/Sharing
0x0000000004d47000 	/System/Library/Frameworks/ImageIO.framework/Versions/A/ImageIO
0x0000000004d47000 	/System/Library/Frameworks/CoreText.framework/Versions/A/CoreText
0x0000000004d47000 	/System/Library/Frameworks/CoreGraphics.framework/Versions/A/CoreGraphics
0x0000000004d47000 	/System/Library/PrivateFrameworks/Backup.framework/Versions/A/Backup
0x0000000004d47000 	/System/Library/Frameworks/CFNetwork.framework/Versions/A/CFNetwork
0x0000000004d47000 	/System/Library/Frameworks/SystemConfiguration.framework/Versions/A/SystemConfiguration
0x0000000004d47000 	/usr/lib/libCRFSuite.dylib
0x0000000004d47000 	/usr/lib/libc++.1.dylib
0x0000000004d47000 	/usr/lib/libc++abi.dylib
0x0000000004d47000 	/usr/lib/system/libcache.dylib
0x0000000004d47000 	/usr/lib/system/libcommonCrypto.dylib
0x0000000004d47000 	/usr/lib/system/libcompiler_rt.dylib
0x0000000004d47000 	/usr/lib/system/libcopyfile.dylib
0x0000000004d47000 	/usr/lib/system/libcorecrypto.dylib
0x0000000004d47000 	/usr/lib/system/libdispatch.dylib
0x0000000004d47000 	/usr/lib/system/libdyld.dylib
0x0000000004d47000 	/usr/lib/system/libkeymgr.dylib
0x0000000004d47000 	/usr/lib/system/liblaunch.dylib
0x0000000004d47000 	/usr/lib/system/libmacho.dylib
0x0000000004d47000 	/usr/lib/system/libquarantine.dylib
0x0000000004d47000 	/usr/lib/system/libremovefile.dylib
0x0000000004d47000 	/usr/lib/system/libsystem_asl.dylib
0x0000000004d47000 	/usr/lib/system/libsystem_blocks.dylib
0x0000000004d47000 	/usr/lib/system/libsystem_c.dylib
0x0000000004d47000 	/usr/lib/system/libsystem_configuration.dylib
0x0000000004d47000 	/usr/lib/system/libsystem_dnssd.dylib
0x0000000004d47000 	/usr/lib/system/libsystem_info.dylib
0x0000000004d47000 	/usr/lib/system/libsystem_kernel.dylib
0x0000000004d47000 	/usr/lib/system/libsystem_m.dylib
0x0000000004d47000 	/usr/lib/system/libsystem_malloc.dylib
0x0000000004d47000 	/usr/lib/system/libsystem_network.dylib
0x0000000004d47000 	/usr/lib/system/libsystem_notify.dylib
0x0000000004d47000 	/usr/lib/system/libsystem_platform.dylib
0x0000000004d47000 	/usr/lib/system/libsystem_pthread.dylib
0x0000000004d47000 	/usr/lib/system/libsystem_sandbox.dylib
0x0000000004d47000 	/usr/lib/system/libsystem_stats.dylib
0x0000000004d47000 	/usr/lib/system/libunc.dylib
0x0000000004d47000 	/usr/lib/system/libunwind.dylib
0x0000000004d47000 	/usr/lib/system/libxpc.dylib
0x0000000004d47000 	/usr/lib/libbsm.0.dylib
0x0000000004d47000 	/usr/lib/libsqlite3.dylib
0x0000000004d47000 	/usr/lib/libxar.1.dylib
0x0000000004d47000 	/usr/lib/libpam.2.dylib
0x0000000004d47000 	/usr/lib/libOpenScriptingUtil.dylib
0x0000000004d47000 	/usr/lib/libbz2.1.0.dylib
0x0000000004d47000 	/System/Library/Frameworks/CoreServices.framework/Versions/A/Frameworks/CarbonCore.framework/Versions/A/CarbonCore
0x0000000004d47000 	/System/Library/Frameworks/CoreServices.framework/Versions/A/Frameworks/Metadata.framework/Versions/A/Metadata
0x0000000004d47000 	/System/Library/Frameworks/CoreServices.framework/Versions/A/Frameworks/OSServices.framework/Versions/A/OSServices
0x0000000004d47000 	/System/Library/Frameworks/CoreServices.framework/Versions/A/Frameworks/SearchKit.framework/Versions/A/SearchKit
0x0000000004d47000 	/System/Library/Frameworks/CoreServices.framework/Versions/A/Frameworks/AE.framework/Versions/A/AE
0x0000000004d47000 	/System/Library/Frameworks/CoreServices.framework/Versions/A/Frameworks/LaunchServices.framework/Versions/A/LaunchServices
0x0000000004d47000 	/System/Library/Frameworks/CoreServices.framework/Versions/A/Frameworks/DictionaryServices.framework/Versions/A/DictionaryServices
0x0000000004d47000 	/System/Library/Frameworks/NetFS.framework/Versions/A/NetFS
0x0000000004d47000 	/usr/lib/system/libkxld.dylib
0x0000000004d47000 	/System/Library/PrivateFrameworks/NetAuth.framework/Versions/A/NetAuth
0x0000000004d47000 	/System/Library/PrivateFrameworks/TCC.framework/Versions/A/TCC
0x0000000004d47000 	/System/Library/Frameworks/OpenDirectory.framework/Versions/A/Frameworks/CFOpenDirectory.framework/Versions/A/CFOpenDirectory
0x0000000004d47000 	/System/Library/Frameworks/ServiceManagement.framework/Versions/A/ServiceManagement
0x0000000004d47000 	/usr/lib/libxslt.1.dylib
0x0000000004d47000 	/System/Library/Frameworks/Carbon.framework/Versions/A/Frameworks/Ink.framework/Versions/A/Ink
0x0000000004d47000 	/System/Library/Frameworks/ApplicationServices.framework/Versions/A/Frameworks/ATS.framework/Versions/A/ATS
0x0000000004d47000 	/System/Library/Frameworks/ApplicationServices.framework/Versions/A/Frameworks/ColorSync.framework/Versions/A/ColorSync
0x0000000004d47000 	/System/Library/Frameworks/ApplicationServices.framework/Versions/A/Frameworks/HIServices.framework/Versions/A/HIServices
0x0000000004d47000 	/System/Library/Frameworks/ApplicationServices.framework/Versions/A/Frameworks/LangAnalysis.framework/Versions/A/LangAnalysis
0x0000000004d47000 	/System/Library/Frameworks/ApplicationServices.framework/Versions/A/Frameworks/PrintCore.framework/Versions/A/PrintCore
0x0000000004d47000 	/System/Library/Frameworks/ApplicationServices.framework/Versions/A/Frameworks/QD.framework/Versions/A/QD
0x0000000004d47000 	/System/Library/Frameworks/ApplicationServices.framework/Versions/A/Frameworks/SpeechSynthesis.framework/Versions/A/SpeechSynthesis
0x0000000004d47000 	/System/Library/Frameworks/IOSurface.framework/Versions/A/IOSurface
0x0000000004d47000 	/System/Library/Frameworks/Accelerate.framework/Versions/A/Accelerate
0x0000000004d47000 	/System/Library/Frameworks/Accelerate.framework/Versions/A/Frameworks/vImage.framework/Versions/A/vImage
0x0000000004d47000 	/System/Library/Frameworks/Accelerate.framework/Versions/A/Frameworks/vecLib.framework/Versions/A/vecLib
0x0000000004d47000 	/System/Library/Frameworks/Accelerate.framework/Versions/A/Frameworks/vecLib.framework/Versions/A/libvDSP.dylib
0x0000000004d47000 	/System/Library/Frameworks/Accelerate.framework/Versions/A/Frameworks/vecLib.framework/Versions/A/libvMisc.dylib
0x0000000004d47000 	/System/Library/Frameworks/Accelerate.framework/Versions/A/Frameworks/vecLib.framework/Versions/A/libLAPACK.dylib
0x0000000004d47000 	/System/Library/Frameworks/Accelerate.framework/Versions/A/Frameworks/vecLib.framework/Versions/A/libBLAS.dylib
0x0000000004d47000 	/System/Library/Frameworks/ApplicationServices.framework/Versions/A/Frameworks/ATS.framework/Versions/A/Resources/libFontParser.dylib
0x0000000004d47000 	/System/Library/Frameworks/ApplicationServices.framework/Versions/A/Frameworks/ATS.framework/Versions/A/Resources/libFontRegistry.dylib
0x0000000004d47000 	/System/Library/Frameworks/ImageIO.framework/Versions/A/Resources/libJPEG.dylib
0x0000000004d47000 	/System/Library/Frameworks/ImageIO.framework/Versions/A/Resources/libTIFF.dylib
0x0000000004d47000 	/System/Library/Frameworks/ImageIO.framework/Versions/A/Resources/libPng.dylib
0x0000000004d47000 	/System/Library/Frameworks/ImageIO.framework/Versions/A/Resources/libGIF.dylib
0x0000000004d47000 	/System/Library/Frameworks/ImageIO.framework/Versions/A/Resources/libJP2.dylib
0x0000000004d47000 	/System/Library/Frameworks/ImageIO.framework/Versions/A/Resources/libRadiance.dylib
0x0000000004d47000 	/usr/lib/libcups.2.dylib
0x0000000004d47000 	/System/Library/Frameworks/Kerberos.framework/Versions/A/Kerberos
0x0000000004d47000 	/System/Library/Frameworks/GSS.framework/Versions/A/GSS
0x0000000004d47000 	/usr/lib/libresolv.9.dylib
0x0000000004d47000 	/usr/lib/libiconv.2.dylib
0x0000000004d47000 	/System/Library/PrivateFrameworks/Heimdal.framework/Versions/A/Heimdal
0x0000000004d47000 	/System/Library/PrivateFrameworks/TrustEvaluationAgent.framework/Versions/A/TrustEvaluationAgent
0x0000000004d47000 	/usr/lib/libheimdal-asn1.dylib
0x0000000004d47000 	/System/Library/Frameworks/OpenDirectory.framework/Versions/A/OpenDirectory
0x0000000004d47000 	/System/Library/PrivateFrameworks/CommonAuth.framework/Versions/A/CommonAuth
0x0000000004d47000 	/System/Library/Frameworks/SecurityFoundation.framework/Versions/A/SecurityFoundation
0x0000000004d47000 	/System/Library/PrivateFrameworks/Bom.framework/Versions/A/Bom
0x0000000004d47000 	/System/Library/Frameworks/CoreVideo.framework/Versions/A/CoreVideo
0x0000000004d47000 	/System/Library/Frameworks/QuartzCore.framework/Versions/A/Frameworks/CoreImage.framework/Versions/A/CoreImage
0x0000000004d47000 	/System/Library/Frameworks/QuartzCore.framework/Versions/A/Frameworks/ScalableUserInterface.framework/Versions/A/ScalableUserInterface
0x0000000004d47000 	/System/Library/Frameworks/OpenGL.framework/Versions/A/Libraries/libGLU.dylib
0x0000000004d47000 	/System/Library/Frameworks/OpenGL.framework/Versions/A/Libraries/libGFXShared.dylib
0x0000000004d47000 	/System/Library/Frameworks/OpenGL.framework/Versions/A/Libraries/libGL.dylib
0x0000000004d47000 	/System/Library/Frameworks/OpenGL.framework/Versions/A/Libraries/libGLImage.dylib
0x0000000004d47000 	/System/Library/Frameworks/OpenGL.framework/Versions/A/Libraries/libCVMSPluginSupport.dylib
0x0000000004d47000 	/System/Library/Frameworks/OpenGL.framework/Versions/A/Libraries/libCoreVMClient.dylib
0x0000000004d47000 	/System/Library/PrivateFrameworks/FaceCore.framework/Versions/A/FaceCore
0x0000000004d47000 	/System/Library/PrivateFrameworks/CrashReporterSupport.framework/Versions/A/CrashReporterSupport
0x0000000004d47000 	/System/Library/Frameworks/OpenCL.framework/Versions/A/OpenCL
0x0000000004d47000 	/System/Library/PrivateFrameworks/AppleFSCompression.framework/Versions/A/AppleFSCompression
0x0000000004d47000 	/System/Library/PrivateFrameworks/Ubiquity.framework/Versions/A/Ubiquity
0x0000000004d47000 	/System/Library/PrivateFrameworks/IconServices.framework/Versions/A/IconServices
0x0000000004d47000 	/System/Library/PrivateFrameworks/ChunkingLibrary.framework/Versions/A/ChunkingLibrary
0x0000000004d47000 	/System/Library/PrivateFrameworks/CoreSymbolication.framework/Versions/A/CoreSymbolication
0x0000000004d47000 	/System/Library/PrivateFrameworks/Symbolication.framework/Versions/A/Symbolication
0x0000000004d47000 	/System/Library/PrivateFrameworks/DebugSymbols.framework/Versions/A/DebugSymbols
0x000000010ea00000 	/Library/Java/JavaVirtualMachines/jdk1.7.0_51.jdk/Contents/Home/jre/lib/server/libjvm.dylib
0x0000000004d47000 	/usr/lib/libstdc++.6.dylib
0x000000010d9e4000 	/Library/Java/JavaVirtualMachines/jdk1.7.0_51.jdk/Contents/Home/jre/lib/libverify.dylib
0x000000010f453000 	/Library/Java/JavaVirtualMachines/jdk1.7.0_51.jdk/Contents/Home/jre/lib/libjava.dylib
0x000000010f483000 	/Library/Java/JavaVirtualMachines/jdk1.7.0_51.jdk/Contents/Home/jre/lib/libzip.dylib
0x000000011e857000 	/System/Library/Frameworks/JavaVM.framework/Frameworks/JavaRuntimeSupport.framework/JavaRuntimeSupport
0x000000011e86f000 	/System/Library/Frameworks/JavaVM.framework/Versions/A/Frameworks/JavaNativeFoundation.framework/Versions/A/JavaNativeFoundation
0x000000011e884000 	/System/Library/Frameworks/JavaVM.framework/Versions/A/JavaVM
0x0000000004d47000 	/System/Library/Frameworks/Carbon.framework/Versions/A/Carbon
0x000000011e891000 	/System/Library/PrivateFrameworks/JavaLaunching.framework/Versions/A/JavaLaunching
0x0000000004d47000 	/System/Library/Frameworks/Carbon.framework/Versions/A/Frameworks/CommonPanels.framework/Versions/A/CommonPanels
0x0000000004d47000 	/System/Library/Frameworks/Carbon.framework/Versions/A/Frameworks/Help.framework/Versions/A/Help
0x0000000004d47000 	/System/Library/Frameworks/Carbon.framework/Versions/A/Frameworks/ImageCapture.framework/Versions/A/ImageCapture
0x0000000004d47000 	/System/Library/Frameworks/Carbon.framework/Versions/A/Frameworks/OpenScripting.framework/Versions/A/OpenScripting
0x0000000004d47000 	/System/Library/Frameworks/Carbon.framework/Versions/A/Frameworks/Print.framework/Versions/A/Print
0x0000000004d47000 	/System/Library/Frameworks/Carbon.framework/Versions/A/Frameworks/SecurityHI.framework/Versions/A/SecurityHI
0x000000011ef38000 	/private/var/folders/mv/grkbq8z16lbfs016730tmb140000gn/T/libgdxyilun/58a18794/libgdx64.dylib
0x000000011ef86000 	/Library/Java/JavaVirtualMachines/jdk1.7.0_51.jdk/Contents/Home/jre/lib/libawt.dylib
0x000000011f035000 	/Library/Java/JavaVirtualMachines/jdk1.7.0_51.jdk/Contents/Home/jre/lib/./libmlib_image.dylib
0x000000011f101000 	/Library/Java/JavaVirtualMachines/jdk1.7.0_51.jdk/Contents/Home/jre/lib/lwawt/liblwawt.dylib
0x000000011f1b5000 	/Library/Java/JavaVirtualMachines/jdk1.7.0_51.jdk/Contents/Home/jre/lib/libosxapp.dylib
0x0000000004d47000 	/System/Library/Frameworks/ExceptionHandling.framework/Versions/A/ExceptionHandling
0x0000000004d47000 	/System/Library/PrivateFrameworks/CoreServicesInternal.framework/Versions/A/CoreServicesInternal
0x0000000004d47000 	/System/Library/PrivateFrameworks/Librarian.framework/Versions/A/Librarian
0x0000000004d47000 	/System/Library/Frameworks/CoreGraphics.framework/Versions/A/Resources/libCGCMS.A.dylib
0x0000000004d47000 	/System/Library/Frameworks/CoreGraphics.framework/Versions/A/Resources/libRIP.A.dylib
0x0000000004d47000 	/System/Library/Frameworks/CoreGraphics.framework/Versions/A/Resources/libCGXType.A.dylib
0x0000000004d47000 	/System/Library/PrivateFrameworks/FamilyControls.framework/Versions/A/FamilyControls
0x0000000004d47000 	/System/Library/PrivateFrameworks/CommerceKit.framework/Versions/A/Frameworks/CommerceCore.framework/Versions/A/CommerceCore
0x0000000004d47000 	/System/Library/PrivateFrameworks/SystemAdministration.framework/Versions/A/SystemAdministration
0x0000000004d47000 	/System/Library/Frameworks/DirectoryService.framework/Versions/A/DirectoryService
0x0000000004d47000 	/System/Library/PrivateFrameworks/DiskImages.framework/Versions/A/DiskImages
0x0000000004d47000 	/System/Library/PrivateFrameworks/LoginUIKit.framework/Versions/A/Frameworks/LoginUICore.framework/Versions/A/LoginUICore
0x0000000004d47000 	/usr/lib/libCoreStorage.dylib
0x0000000004d47000 	/usr/lib/libcsfde.dylib
0x0000000004d47000 	/usr/lib/libodfde.dylib
0x0000000004d47000 	/System/Library/Frameworks/DiscRecording.framework/Versions/A/DiscRecording
0x0000000004d47000 	/usr/lib/libcurl.4.dylib
0x0000000004d47000 	/System/Library/PrivateFrameworks/MediaKit.framework/Versions/A/MediaKit
0x0000000004d47000 	/System/Library/PrivateFrameworks/EFILogin.framework/Versions/A/EFILogin
0x0000000004d47000 	/usr/lib/libutil.dylib
0x0000000004d47000 	/System/Library/PrivateFrameworks/AOSNotification.framework/Versions/A/AOSNotification
0x0000000004d47000 	/System/Library/Frameworks/LDAP.framework/Versions/A/LDAP
0x0000000004d47000 	/usr/lib/libsasl2.2.dylib
0x0000000004d47000 	/usr/lib/libcrypto.0.9.8.dylib
0x0000000004d47000 	/usr/lib/libssl.0.9.8.dylib
0x000000012367b000 	/Library/Java/JavaVirtualMachines/jdk1.7.0_51.jdk/Contents/Home/jre/lib/libfontmanager.dylib
0x00000001236e2000 	/private/var/folders/mv/grkbq8z16lbfs016730tmb140000gn/T/libgdxyilun/45614fc1/liblwjgl.dylib
0x0000000121c5d000 	/Library/Java/JavaVirtualMachines/jdk1.7.0_51.jdk/Contents/Home/jre/lib/libjawt.dylib
0x0000000123761000 	/var/folders/mv/grkbq8z16lbfs016730tmb140000gn/T/libgdxyilun/45614fc1/openal.dylib
0x00000001237d0000 	/System/Library/Components/CoreAudio.component/Contents/MacOS/CoreAudio
0x0000000123a4c000 	/System/Library/Extensions/AppleHDA.kext/Contents/PlugIns/AppleHDAHALPlugIn.bundle/Contents/MacOS/AppleHDAHALPlugIn
0x0000000004d47000 	/System/Library/Frameworks/OpenGL.framework/Versions/A/Resources/GLEngine.bundle/GLEngine
0x0000000004d47000 	/System/Library/Frameworks/OpenGL.framework/Versions/A/Libraries/libGLProgrammability.dylib
0x0000000000000000 	/System/Library/Extensions/AppleIntelHD5000GraphicsGLDriver.bundle/Contents/MacOS/AppleIntelHD5000GraphicsGLDriver
0x0000000004d47000 	/System/Library/PrivateFrameworks/IOAccelerator.framework/Versions/A/IOAccelerator
0x0000000004d47000 	/System/Library/PrivateFrameworks/GPUSupport.framework/Versions/A/Libraries/libGPUSupportMercury.dylib
0x0000000000000000 	/System/Library/Extensions/GeForceGLDriver.bundle/Contents/MacOS/GeForceGLDriver
0x0000000004d47000 	/System/Library/Extensions/GeForceGLDriver.bundle/Contents/MacOS/libclh.dylib
0x0000000004d47000 	/System/Library/Frameworks/OpenGL.framework/Versions/A/Resources/GLRendererFloat.bundle/GLRendererFloat
0x0000000004d47000 	/System/Library/Frameworks/OpenCL.framework/Versions/A/Libraries/libcldcpuengine.dylib
0x00000001243de000 	cl_kernels
0x000000012542e000 	/System/Library/Frameworks/OpenCL.framework/Versions/A/Libraries/ImageFormats/unorm8_bgra.dylib
0x00000001256ef000 	cl_kernels
0x00000001256e2000 	cl_kernels
0x00000001256e8000 	cl_kernels
0x00000001256f2000 	/System/Library/Frameworks/OpenCL.framework/Versions/A/Libraries/ImageFormats/unorm8_argb.dylib

VM Arguments:
jvm_args: -Dfile.encoding=UTF-8 
java_command: com.nuliy.example.desktop.DesktopLauncher
Launcher Type: SUN_STANDARD

Environment Variables:
PATH=/usr/bin:/bin:/usr/sbin:/sbin
LD_LIBRARY_PATH=/Library/Java/JavaVirtualMachines/jdk1.7.0_51.jdk/Contents/Home/jre/lib/amd64:/Library/Java/JavaVirtualMachines/jdk1.7.0_51.jdk/Contents/Home/jre/lib/i386:
SHELL=/bin/bash
DYLD_LIBRARY_PATH=/Applications/NetBeans/NetBeans 7.4.app/Contents/Resources/NetBeans/webcommon/bin:

Signal Handlers:
SIGSEGV: [libjvm.dylib+0x525425], sa_mask[0]=0xfffefeff, sa_flags=0x00000043
SIGBUS: [libjvm.dylib+0x525425], sa_mask[0]=0xfffefeff, sa_flags=0x00000042
SIGFPE: [libjvm.dylib+0x41892a], sa_mask[0]=0xfffefeff, sa_flags=0x00000042
SIGPIPE: [libjvm.dylib+0x41892a], sa_mask[0]=0xfffefeff, sa_flags=0x00000042
SIGXFSZ: [libjvm.dylib+0x41892a], sa_mask[0]=0xfffefeff, sa_flags=0x00000042
SIGILL: [libjvm.dylib+0x41892a], sa_mask[0]=0xfffefeff, sa_flags=0x00000042
SIGUSR1: SIG_DFL, sa_mask[0]=0x00000000, sa_flags=0x00000002
SIGUSR2: [libjvm.dylib+0x41841c], sa_mask[0]=0x00000004, sa_flags=0x00000042
SIGHUP: [libjvm.dylib+0x4166ab], sa_mask[0]=0xfffefeff, sa_flags=0x00000042
SIGINT: SIG_IGN, sa_mask[0]=0x00000000, sa_flags=0x00000000
SIGTERM: [libjvm.dylib+0x4166ab], sa_mask[0]=0xfffefeff, sa_flags=0x00000042
SIGQUIT: [libjvm.dylib+0x4166ab], sa_mask[0]=0xfffefeff, sa_flags=0x00000042


---------------  S Y S T E M  ---------------

OS:Bsduname:Darwin 13.2.0 Darwin Kernel Version 13.2.0: Thu Apr 17 23:03:13 PDT 2014; root:xnu-2422.100.13~1/RELEASE_X86_64 x86_64
rlimit: STACK 8192k, CORE 0k, NPROC 709, NOFILE 10240, AS infinity
load average:1.43 1.21 1.19

CPU:total 8 (4 cores per cpu, 2 threads per core) family 6 model 70 stepping 1, cmov, cx8, fxsr, mmx, sse, sse2, sse3, ssse3, sse4.1, sse4.2, popcnt, avx, avx2, aes, erms, ht, tsc, tscinvbit

Memory: 4k page, physical 16777216k(4194304k free)

/proc/meminfo:


vm_info: Java HotSpot(TM) 64-Bit Server VM (24.51-b03) for bsd-amd64 JRE (1.7.0_51-b13), built on Dec 18 2013 18:45:56 by "java_re" with gcc 4.2.1 (Based on Apple Inc. build 5658) (LLVM build 2336.11.00)

time: Tue Jun 10 14:28:19 2014
elapsed time: 6 seconds

